2019-07-27 17:04:20 INFO  Log:48 - User navigated succesfully to http://www.jawwy.tv
2019-07-27 17:04:27 INFO  Log:48 - User changed the language to العربية
2019-07-27 17:04:27 INFO  Log:48 - User succesfully changed language
2019-07-27 17:04:33 INFO  Log:48 - User is willing to subscribe to free trial
2019-07-27 17:04:33 INFO  Log:48 - Username( testuser@gm.com) succesfully entered 
2019-07-27 17:04:34 INFO  Log:48 - User entered password 12345678
2019-07-27 17:04:44 INFO  Log:48 - Text on back button is BACK
2019-07-27 17:05:10 INFO  Log:48 - User navigated succesfully to http://www.jawwy.tv
2019-07-27 17:05:17 INFO  Log:48 - User changed the language to العربية
2019-07-27 17:05:17 INFO  Log:48 - User succesfully changed language
2019-07-27 17:05:23 INFO  Log:48 - User is willing to subscribe to free trial
2019-07-27 17:05:28 INFO  Log:48 - User clicked T&C
2019-07-27 17:05:28 INFO  Log:48 - Text on terms/condition is 
2019-07-27 17:05:28 INFO  Log:48 - User verified T&C
2019-07-27 17:15:36 INFO  Log:48 - User navigated succesfully to http://www.jawwy.tv
2019-07-27 17:15:45 INFO  Log:48 - User changed the language to العربية
2019-07-27 17:15:45 INFO  Log:48 - User succesfully changed language
2019-07-27 17:15:56 INFO  Log:48 - User is willing to subscribe to free trial
2019-07-27 17:15:56 INFO  Log:48 - Username( testuser@gm.com) succesfully entered 
2019-07-27 17:15:56 INFO  Log:48 - User entered password 12345678
2019-07-27 17:16:06 INFO  Log:48 - Text on back button is BACK
2019-07-27 17:16:15 INFO  Log:48 - User navigated succesfully to http://www.jawwy.tv
2019-07-27 17:16:24 INFO  Log:48 - User changed the language to العربية
2019-07-27 17:16:24 INFO  Log:48 - User succesfully changed language
2019-07-27 17:16:31 INFO  Log:48 - User is willing to subscribe to free trial
2019-07-27 17:16:36 INFO  Log:48 - User clicked T&C
2019-07-27 17:16:36 INFO  Log:48 - Text on terms/condition is 
2019-07-27 17:16:36 INFO  Log:48 - User verified T&C
2019-07-27 17:25:08 INFO  Log:48 - User navigated succesfully to http://www.jawwy.tv
2019-07-27 17:25:38 INFO  Log:48 - User changed the language to العربية
2019-07-27 17:25:38 INFO  Log:48 - User succesfully changed language
2019-07-27 17:26:03 INFO  Log:48 - User is willing to subscribe to free trial
2019-07-27 17:26:03 INFO  Log:48 - Username( testuser@gm.com) succesfully entered 
2019-07-27 17:26:03 INFO  Log:48 - User entered password 12345678
2019-07-27 17:26:08 INFO  Log:48 - Text on back button is BACK
2019-07-27 17:26:30 INFO  Log:48 - User navigated succesfully to http://www.jawwy.tv
2019-07-27 17:27:00 INFO  Log:48 - User changed the language to العربية
2019-07-27 17:27:00 INFO  Log:48 - User succesfully changed language
2019-07-27 17:27:27 INFO  Log:48 - User is willing to subscribe to free trial
2019-07-27 17:27:27 INFO  Log:48 - User clicked T&C
2019-07-27 17:27:32 INFO  Log:48 - Text on terms/condition is I AGREE
2019-07-27 17:27:32 INFO  Log:48 - User verified T&C
2019-07-27 17:30:09 INFO  Log:48 - User navigated succesfully to http://www.jawwy.tv
2019-07-27 17:30:17 INFO  Log:48 - User changed the language to ENGLISH
2019-07-27 17:30:17 INFO  Log:48 - User succesfully changed language
2019-07-27 17:30:25 INFO  Log:48 - User is willing to subscribe to free trial
2019-07-27 17:30:25 INFO  Log:48 - Username( testuser@gm.com) succesfully entered 
2019-07-27 17:30:25 INFO  Log:48 - User entered password 12345678
2019-07-27 17:30:36 INFO  Log:48 - Text on back button is BACK
2019-07-27 17:30:44 INFO  Log:48 - User navigated succesfully to http://www.jawwy.tv
2019-07-27 17:30:51 INFO  Log:48 - User changed the language to ENGLISH
2019-07-27 17:30:51 INFO  Log:48 - User succesfully changed language
2019-07-27 17:30:59 INFO  Log:48 - User is willing to subscribe to free trial
2019-07-27 17:31:04 INFO  Log:48 - User clicked T&C
2019-07-27 17:31:09 INFO  Log:48 - Text on terms/condition is I AGREE
2019-07-27 17:31:09 INFO  Log:48 - User verified T&C
